<?xml version="1.0" encoding="UTF-8"?>
<!-- Generated by org.testng.reporters.JUnitReportReporter -->
<testsuite hostname="PC-1F-022" failures="0" tests="2" name="com.marina.tests.Mod_2_SpaceTypes" time="68.439" errors="0" timestamp="2023-10-25T07:13:00 PDT" skipped="0">
  <testcase classname="com.marina.tests.Mod_2_SpaceTypes" name="ST1_001_verifySpacePage" time="41.587"/>
  <system-out/>
  <testcase classname="com.marina.tests.Mod_2_SpaceTypes" name="ST1_002_verifyPopupAddSpac" time="26.852"/>
  <system-out/>
</testsuite> <!-- com.marina.tests.Mod_2_SpaceTypes -->
