<?xml version="1.0" encoding="UTF-8"?>
<!-- Generated by org.testng.reporters.JUnitReportReporter -->
<testsuite skipped="0" hostname="DESKTOP-8CR6PU0" name="com.marina.tests.Mod_5_SpaceGroup" tests="8" failures="2" timestamp="2023-11-06T17:27:17 PKT" time="264.309" errors="0">
  <testcase name="verifySpaceGroupPage_TC_801" time="20.653" classname="com.marina.tests.Mod_5_SpaceGroup"/>
  <system-out/>
  <testcase name="checkReservSpacesAvail_TC_802" time="33.422" classname="com.marina.tests.Mod_5_SpaceGroup">
    <failure type="java.lang.AssertionError" message="expected [true] but found [false]">
      <![CDATA[java.lang.AssertionError: expected [true] but found [false]
at org.testng.Assert.fail(Assert.java:97)
at org.testng.Assert.failNotEquals(Assert.java:969)
at org.testng.Assert.assertTrue(Assert.java:43)
at org.testng.Assert.assertTrue(Assert.java:53)
at com.marina.tests.Mod_5_SpaceGroup.checkReservSpacesAvail_TC_802(Mod_5_SpaceGroup.java:52)
at sun.reflect.NativeMethodAccessorImpl.invoke0(Native Method)
at sun.reflect.NativeMethodAccessorImpl.invoke(NativeMethodAccessorImpl.java:62)
at sun.reflect.DelegatingMethodAccessorImpl.invoke(DelegatingMethodAccessorImpl.java:43)
at java.lang.reflect.Method.invoke(Method.java:498)
at org.testng.internal.MethodInvocationHelper.invokeMethod(MethodInvocationHelper.java:134)
at org.testng.internal.TestInvoker.invokeMethod(TestInvoker.java:597)
at org.testng.internal.TestInvoker.invokeTestMethod(TestInvoker.java:173)
at org.testng.internal.MethodRunner.runInSequence(MethodRunner.java:46)
at org.testng.internal.TestInvoker$MethodInvocationAgent.invoke(TestInvoker.java:816)
at org.testng.internal.TestInvoker.invokeTestMethods(TestInvoker.java:146)
at org.testng.internal.TestMethodWorker.invokeTestMethods(TestMethodWorker.java:146)
at org.testng.internal.TestMethodWorker.run(TestMethodWorker.java:128)
at java.util.concurrent.ThreadPoolExecutor.runWorker(ThreadPoolExecutor.java:1149)
at java.util.concurrent.ThreadPoolExecutor$Worker.run(ThreadPoolExecutor.java:624)
at java.lang.Thread.run(Thread.java:748)
]]>
    </failure>
  </testcase> <!-- checkReservSpacesAvail_TC_802 -->
  <system-out/>
  <testcase name="addSpaceGroupSingleSpace_TC_803" time="53.240" classname="com.marina.tests.Mod_5_SpaceGroup"/>
  <system-out/>
  <testcase name="addSpaceGroupMultipleSpace_TC_804" time="34.713" classname="com.marina.tests.Mod_5_SpaceGroup"/>
  <system-out/>
  <testcase name="searchSlipByNameType_TC_805" time="32.183" classname="com.marina.tests.Mod_5_SpaceGroup"/>
  <system-out/>
  <testcase name="editAlreadyExistingGroup_TC_806" time="29.301" classname="com.marina.tests.Mod_5_SpaceGroup"/>
  <system-out/>
  <testcase name="createGroupSameName_TC_807" time="31.084" classname="com.marina.tests.Mod_5_SpaceGroup">
    <failure type="java.lang.AssertionError" message="expected [true] but found [false]">
      <![CDATA[java.lang.AssertionError: expected [true] but found [false]
at org.testng.Assert.fail(Assert.java:97)
at org.testng.Assert.failNotEquals(Assert.java:969)
at org.testng.Assert.assertTrue(Assert.java:43)
at org.testng.Assert.assertTrue(Assert.java:53)
at com.marina.tests.Mod_5_SpaceGroup.createGroupSameName_TC_807(Mod_5_SpaceGroup.java:116)
at sun.reflect.NativeMethodAccessorImpl.invoke0(Native Method)
at sun.reflect.NativeMethodAccessorImpl.invoke(NativeMethodAccessorImpl.java:62)
at sun.reflect.DelegatingMethodAccessorImpl.invoke(DelegatingMethodAccessorImpl.java:43)
at java.lang.reflect.Method.invoke(Method.java:498)
at org.testng.internal.MethodInvocationHelper.invokeMethod(MethodInvocationHelper.java:134)
at org.testng.internal.TestInvoker.invokeMethod(TestInvoker.java:597)
at org.testng.internal.TestInvoker.invokeTestMethod(TestInvoker.java:173)
at org.testng.internal.MethodRunner.runInSequence(MethodRunner.java:46)
at org.testng.internal.TestInvoker$MethodInvocationAgent.invoke(TestInvoker.java:816)
at org.testng.internal.TestInvoker.invokeTestMethods(TestInvoker.java:146)
at org.testng.internal.TestMethodWorker.invokeTestMethods(TestMethodWorker.java:146)
at org.testng.internal.TestMethodWorker.run(TestMethodWorker.java:128)
at java.util.concurrent.ThreadPoolExecutor.runWorker(ThreadPoolExecutor.java:1149)
at java.util.concurrent.ThreadPoolExecutor$Worker.run(ThreadPoolExecutor.java:624)
at java.lang.Thread.run(Thread.java:748)
]]>
    </failure>
  </testcase> <!-- createGroupSameName_TC_807 -->
  <system-out/>
  <testcase name="deleteExistingSpaceGroup_TC_808" time="29.713" classname="com.marina.tests.Mod_5_SpaceGroup"/>
  <system-out/>
</testsuite> <!-- com.marina.tests.Mod_5_SpaceGroup -->
