<?xml version="1.0" encoding="UTF-8"?>
<!-- Generated by org.testng.reporters.JUnitReportReporter -->
<testsuite hostname="PC-1F-022" failures="0" tests="1" name="com.marina.tests.Mod_1_login" time="74.168" errors="0" timestamp="2023-11-07T04:22:28 PST" skipped="0">
  <testcase classname="com.marina.tests.Mod_1_login" name="verifyLogin_Tc_001" time="74.168"/>
  <system-out/>
</testsuite> <!-- com.marina.tests.Mod_1_login -->
