<?xml version="1.0" encoding="UTF-8"?>
<!-- Generated by org.testng.reporters.JUnitReportReporter -->
<testsuite hostname="PC-1F-032" failures="0" tests="1" name="com.marina.tests.Mod_7_RatesStorage" time="42.663" errors="0" timestamp="2023-11-29T05:34:05 PST" skipped="0">
  <testcase classname="com.marina.tests.Mod_7_RatesStorage" name="dd_record_without_holiday_TC_1105" time="42.663"/>
  <system-out/>
</testsuite> <!-- com.marina.tests.Mod_7_RatesStorage -->
