<?xml version="1.0" encoding="UTF-8"?>
<!-- Generated by org.testng.reporters.JUnitReportReporter -->
<testsuite skipped="0" hostname="DESKTOP-8CR6PU0" name="com.marina.tests.Mod_3_AllSpaces" tests="1" failures="0" timestamp="2023-10-31T16:34:38 PKT" time="61.637" errors="0">
  <testcase name="deleteSpaceTypeSpacesDeleted_TC_416" time="61.637" classname="com.marina.tests.Mod_3_AllSpaces"/>
  <system-out/>
</testsuite> <!-- com.marina.tests.Mod_3_AllSpaces -->
