<?xml version="1.0" encoding="UTF-8"?>
<!-- Generated by org.testng.reporters.JUnitReportReporter -->
<testsuite hostname="PC-1F-022" failures="0" tests="1" name="com.marina.tests.Mod_1_login" time="51.822" errors="0" timestamp="2023-10-31T00:09:44 PDT" skipped="0">
  <testcase classname="com.marina.tests.Mod_1_login" name="verifyLogin_Tc_001" time="51.822"/>
  <system-out/>
</testsuite> <!-- com.marina.tests.Mod_1_login -->
