<?xml version="1.0" encoding="UTF-8"?>
<!-- Generated by org.testng.reporters.JUnitReportReporter -->
<testsuite hostname="PC-1F-022" failures="0" tests="1" name="com.marina.tests.Mod_1_login" time="41.518" errors="0" timestamp="2023-10-25T07:13:00 PDT" skipped="0">
  <testcase classname="com.marina.tests.Mod_1_login" name="lg_001_verifyLogin" time="41.518"/>
  <system-out/>
</testsuite> <!-- com.marina.tests.Mod_1_login -->
