<?xml version="1.0" encoding="UTF-8"?>
<!-- Generated by org.testng.reporters.JUnitReportReporter -->
<testsuite skipped="0" hostname="DESKTOP-8CR6PU0" name="com.marina.tests.Mod_6_BoatGroup" tests="11" failures="1" timestamp="2023-11-06T16:00:30 PKT" time="436.142" errors="0">
  <testcase name="verifyBoatGroupPageOpens_TC_1001" time="27.615" classname="com.marina.tests.Mod_6_BoatGroup"/>
  <system-out/>
  <testcase name="addBoatGroupMandatoryFields_TC_1002" time="31.597" classname="com.marina.tests.Mod_6_BoatGroup"/>
  <system-out/>
  <testcase name="addBoatGroupAllFields_TC_1003" time="33.002" classname="com.marina.tests.Mod_6_BoatGroup"/>
  <system-out/>
  <testcase name="searchBoatGroup_TC_1004" time="28.499" classname="com.marina.tests.Mod_6_BoatGroup"/>
  <system-out/>
  <testcase name="viewSavedDataBoatGroup_TC_1005" time="31.549" classname="com.marina.tests.Mod_6_BoatGroup"/>
  <system-out/>
  <testcase name="viewPageNewBoatAdd_TC_1006" time="47.927" classname="com.marina.tests.Mod_6_BoatGroup"/>
  <system-out/>
  <testcase name="addBoatMainPage_TC_1007" time="30.772" classname="com.marina.tests.Mod_6_BoatGroup"/>
  <system-out/>
  <testcase name="editBoatGroupVerifyData_TC_1008" time="41.355" classname="com.marina.tests.Mod_6_BoatGroup"/>
  <system-out/>
  <testcase name="generatingMultipleAddRequest_TC_1009" time="56.679" classname="com.marina.tests.Mod_6_BoatGroup">
    <failure type="java.lang.AssertionError" message="expected [1] but found [3]">
      <![CDATA[java.lang.AssertionError: expected [1] but found [3]
at org.testng.Assert.fail(Assert.java:97)
at org.testng.Assert.assertEqualsImpl(Assert.java:136)
at org.testng.Assert.assertEquals(Assert.java:118)
at org.testng.Assert.assertEquals(Assert.java:839)
at org.testng.Assert.assertEquals(Assert.java:849)
at com.marina.tests.Mod_6_BoatGroup.generatingMultipleAddRequest_TC_1009(Mod_6_BoatGroup.java:158)
at sun.reflect.NativeMethodAccessorImpl.invoke0(Native Method)
at sun.reflect.NativeMethodAccessorImpl.invoke(NativeMethodAccessorImpl.java:62)
at sun.reflect.DelegatingMethodAccessorImpl.invoke(DelegatingMethodAccessorImpl.java:43)
at java.lang.reflect.Method.invoke(Method.java:498)
at org.testng.internal.MethodInvocationHelper.invokeMethod(MethodInvocationHelper.java:134)
at org.testng.internal.TestInvoker.invokeMethod(TestInvoker.java:597)
at org.testng.internal.TestInvoker.invokeTestMethod(TestInvoker.java:173)
at org.testng.internal.MethodRunner.runInSequence(MethodRunner.java:46)
at org.testng.internal.TestInvoker$MethodInvocationAgent.invoke(TestInvoker.java:816)
at org.testng.internal.TestInvoker.invokeTestMethods(TestInvoker.java:146)
at org.testng.internal.TestMethodWorker.invokeTestMethods(TestMethodWorker.java:146)
at org.testng.internal.TestMethodWorker.run(TestMethodWorker.java:128)
at java.util.ArrayList.forEach(ArrayList.java:1257)
at org.testng.TestRunner.privateRun(TestRunner.java:766)
at org.testng.TestRunner.run(TestRunner.java:587)
at org.testng.SuiteRunner.runTest(SuiteRunner.java:384)
at org.testng.SuiteRunner.runSequentially(SuiteRunner.java:378)
at org.testng.SuiteRunner.privateRun(SuiteRunner.java:337)
at org.testng.SuiteRunner.run(SuiteRunner.java:286)
at org.testng.SuiteRunnerWorker.runSuite(SuiteRunnerWorker.java:53)
at org.testng.SuiteRunnerWorker.run(SuiteRunnerWorker.java:96)
at org.testng.TestNG.runSuitesSequentially(TestNG.java:1187)
at org.testng.TestNG.runSuitesLocally(TestNG.java:1109)
at org.testng.TestNG.runSuites(TestNG.java:1039)
at org.testng.TestNG.run(TestNG.java:1007)
at org.testng.remote.AbstractRemoteTestNG.run(AbstractRemoteTestNG.java:115)
at org.testng.remote.RemoteTestNG.initAndRun(RemoteTestNG.java:251)
at org.testng.remote.RemoteTestNG.main(RemoteTestNG.java:77)
]]>
    </failure>
  </testcase> <!-- generatingMultipleAddRequest_TC_1009 -->
  <system-out/>
  <testcase name="verifyCopyFunctionBoatGroup_TC_1010" time="33.787" classname="com.marina.tests.Mod_6_BoatGroup"/>
  <system-out/>
  <testcase name="deleteBoatGroups_TC_1011" time="73.360" classname="com.marina.tests.Mod_6_BoatGroup"/>
  <system-out/>
</testsuite> <!-- com.marina.tests.Mod_6_BoatGroup -->
