<?xml version="1.0" encoding="UTF-8"?>
<!-- Generated by org.testng.reporters.JUnitReportReporter -->
<testsuite skipped="0" hostname="DESKTOP-8CR6PU0" name="com.marina.tests.VerifySearchFilePage" tests="1" failures="0" timestamp="2023-10-05T16:46:17 PKT" time="12.282" errors="0">
  <testcase name="verifySearchFilePage_Test1" time="12.282" classname="com.marina.tests.VerifySearchFilePage"/>
  <system-out/>
</testsuite> <!-- com.marina.tests.VerifySearchFilePage -->
