<?xml version="1.0" encoding="UTF-8"?>
<!-- Generated by org.testng.reporters.JUnitReportReporter -->
<testsuite skipped="0" hostname="DESKTOP-8CR6PU0" name="com.marina.tests.Mod_6_BoatGroup" tests="1" failures="0" timestamp="2023-11-03T13:47:56 PKT" time="62.669" errors="0">
  <testcase name="verifyBoatGroupPageOpens_TC_1001" time="62.669" classname="com.marina.tests.Mod_6_BoatGroup"/>
  <system-out/>
</testsuite> <!-- com.marina.tests.Mod_6_BoatGroup -->
