<?xml version="1.0" encoding="UTF-8"?>
<!-- Generated by org.testng.reporters.JUnitReportReporter -->
<testsuite hostname="PC-1F-022" failures="1" tests="10" name="com.marina.tests.Mod_2_SpaceTypes" time="1339.199" errors="0" timestamp="2023-11-07T06:52:59 PST" skipped="0">
  <testcase classname="com.marina.tests.Mod_2_SpaceTypes" name="verifySpacePage_Tc_201" time="74.690"/>
  <system-out/>
  <testcase classname="com.marina.tests.Mod_2_SpaceTypes" name="verifyPopupAddSpace_TC_202" time="41.628"/>
  <system-out/>
  <testcase classname="com.marina.tests.Mod_2_SpaceTypes" name="multipleUsersWithMutlipleSelections_TC_203" time="361.242"/>
  <system-out/>
  <testcase classname="com.marina.tests.Mod_2_SpaceTypes" name="addSpace_skippingFileds_TC_204" time="70.597"/>
  <system-out/>
  <testcase classname="com.marina.tests.Mod_2_SpaceTypes" name="verifySpaceData_fromTableData_TC_205" time="165.183"/>
  <system-out/>
  <testcase classname="com.marina.tests.Mod_2_SpaceTypes" name="verifySpaceData_afterEdit_TC_208" time="165.982"/>
  <system-out/>
  <testcase classname="com.marina.tests.Mod_2_SpaceTypes" name="exportNewAddSpace_verifyCompleteRecords_TC_209" time="45.901"/>
  <system-out/>
  <testcase classname="com.marina.tests.Mod_2_SpaceTypes" name="verify_serachField_withSpaceName_TC_211" time="140.538"/>
  <system-out/>
  <testcase classname="com.marina.tests.Mod_2_SpaceTypes" name="verifyDeleteSpace_TC_212" time="136.793"/>
  <system-out/>
  <testcase classname="com.marina.tests.Mod_2_SpaceTypes" name="add_Spaces_Single_And_Carparking_Options_TC_213" time="136.645">
    <failure message="expected [Test_tbt_001] but found [null]" type="java.lang.AssertionError">
      <![CDATA[java.lang.AssertionError: expected [Test_tbt_001] but found [null]
at org.testng.Assert.fail(Assert.java:97)
at org.testng.Assert.failNotEquals(Assert.java:969)
at org.testng.Assert.assertEqualsImpl(Assert.java:131)
at org.testng.Assert.assertEquals(Assert.java:118)
at org.testng.Assert.assertEquals(Assert.java:575)
at org.testng.Assert.assertEquals(Assert.java:585)
at com.marina.tests.Mod_2_SpaceTypes.add_Spaces_Single_And_Carparking_Options_TC_213(Mod_2_SpaceTypes.java:204)
at java.base/jdk.internal.reflect.NativeMethodAccessorImpl.invoke0(Native Method)
at java.base/jdk.internal.reflect.NativeMethodAccessorImpl.invoke(NativeMethodAccessorImpl.java:77)
at java.base/jdk.internal.reflect.DelegatingMethodAccessorImpl.invoke(DelegatingMethodAccessorImpl.java:43)
at java.base/java.lang.reflect.Method.invoke(Method.java:568)
at org.testng.internal.MethodInvocationHelper.invokeMethod(MethodInvocationHelper.java:134)
at org.testng.internal.TestInvoker.invokeMethod(TestInvoker.java:597)
at org.testng.internal.TestInvoker.invokeTestMethod(TestInvoker.java:173)
at org.testng.internal.MethodRunner.runInSequence(MethodRunner.java:46)
at org.testng.internal.TestInvoker$MethodInvocationAgent.invoke(TestInvoker.java:816)
at org.testng.internal.TestInvoker.invokeTestMethods(TestInvoker.java:146)
at org.testng.internal.TestMethodWorker.invokeTestMethods(TestMethodWorker.java:146)
at org.testng.internal.TestMethodWorker.run(TestMethodWorker.java:128)
at java.base/java.util.concurrent.ThreadPoolExecutor.runWorker(ThreadPoolExecutor.java:1136)
at java.base/java.util.concurrent.ThreadPoolExecutor$Worker.run(ThreadPoolExecutor.java:635)
at java.base/java.lang.Thread.run(Thread.java:833)
]]>
    </failure>
  </testcase> <!-- add_Spaces_Single_And_Carparking_Options_TC_213 -->
  <system-out/>
</testsuite> <!-- com.marina.tests.Mod_2_SpaceTypes -->
