<?xml version="1.0" encoding="UTF-8"?>
<!-- Generated by org.testng.reporters.JUnitReportReporter -->
<testsuite skipped="0" hostname="DESKTOP-8CR6PU0" name="com.marina.tests.Mod_8_Reservation" tests="1" failures="0" timestamp="2023-11-29T19:28:58 PKT" time="31.872" errors="0">
  <testcase name="categoryChangeNightlyToMonthly_TC_1203" time="31.872" classname="com.marina.tests.Mod_8_Reservation"/>
  <system-out/>
</testsuite> <!-- com.marina.tests.Mod_8_Reservation -->
