<?xml version="1.0" encoding="UTF-8"?>
<!-- Generated by org.testng.reporters.JUnitReportReporter -->
<testsuite hostname="PC-1F-032" failures="0" tests="1" name="com.marina.tests.Mod_7_RatesStorage" time="49.009" errors="0" timestamp="2023-11-28T06:14:00 PST" skipped="0">
  <testcase classname="com.marina.tests.Mod_7_RatesStorage" name="nightly_delete_newley_bucketAndVerify_TC_1104" time="49.009"/>
  <system-out/>
</testsuite> <!-- com.marina.tests.Mod_7_RatesStorage -->
