<?xml version="1.0" encoding="UTF-8"?>
<!-- Generated by org.testng.reporters.JUnitReportReporter -->
<testsuite hostname="PC-1F-022" failures="0" tests="1" name="com.marina.tests.VerifySuccessfulLogin" time="99.544" errors="0" timestamp="2023-10-25T01:50:38 PDT" skipped="0">
  <testcase classname="com.marina.tests.VerifySuccessfulLogin" name="verifySuccessLogin" time="99.544"/>
  <system-out/>
</testsuite> <!-- com.marina.tests.VerifySuccessfulLogin -->
