<?xml version="1.0" encoding="UTF-8"?>
<!-- Generated by org.testng.reporters.JUnitReportReporter -->
<testsuite hostname="PC-1F-022" failures="1" tests="11" name="com.marina.tests.Mod_2_SpaceTypes" time="1789.591" errors="0" timestamp="2023-11-07T04:22:28 PST" skipped="2">
  <testcase classname="com.marina.tests.Mod_2_SpaceTypes" name="verifySpacePage_Tc_201" time="42.621"/>
  <system-out/>
  <testcase classname="com.marina.tests.Mod_2_SpaceTypes" name="verifyPopupAddSpace_TC_202" time="50.675"/>
  <system-out/>
  <testcase classname="com.marina.tests.Mod_2_SpaceTypes" name="multipleUsersWithMutlipleSelections_TC_203" time="527.012"/>
  <system-out/>
  <testcase classname="com.marina.tests.Mod_2_SpaceTypes" name="addSpace_skippingFileds_TC_204" time="59.093"/>
  <system-out/>
  <testcase classname="com.marina.tests.Mod_2_SpaceTypes" name="verifySpaceData_fromTableData_TC_205" time="158.920">
    <skipped/>
  </testcase> <!-- verifySpaceData_fromTableData_TC_205 -->
  <system-out/>
  <testcase classname="com.marina.tests.Mod_2_SpaceTypes" name="verifySpaceData_fromTableData_TC_205" time="186.177"/>
  <system-out/>
  <testcase classname="com.marina.tests.Mod_2_SpaceTypes" name="add_Spaces_Single_And_Carparking_Options_TC_213" time="177.072">
    <failure message="expected [Test_tbt_001] but found [null]" type="java.lang.AssertionError">
      <![CDATA[java.lang.AssertionError: expected [Test_tbt_001] but found [null]
at org.testng.Assert.fail(Assert.java:97)
at org.testng.Assert.failNotEquals(Assert.java:969)
at org.testng.Assert.assertEqualsImpl(Assert.java:131)
at org.testng.Assert.assertEquals(Assert.java:118)
at org.testng.Assert.assertEquals(Assert.java:575)
at org.testng.Assert.assertEquals(Assert.java:585)
at com.marina.tests.Mod_2_SpaceTypes.add_Spaces_Single_And_Carparking_Options_TC_213(Mod_2_SpaceTypes.java:190)
at java.base/jdk.internal.reflect.NativeMethodAccessorImpl.invoke0(Native Method)
at java.base/jdk.internal.reflect.NativeMethodAccessorImpl.invoke(NativeMethodAccessorImpl.java:77)
at java.base/jdk.internal.reflect.DelegatingMethodAccessorImpl.invoke(DelegatingMethodAccessorImpl.java:43)
at java.base/java.lang.reflect.Method.invoke(Method.java:568)
at org.testng.internal.MethodInvocationHelper.invokeMethod(MethodInvocationHelper.java:134)
at org.testng.internal.TestInvoker.invokeMethod(TestInvoker.java:597)
at org.testng.internal.TestInvoker.invokeTestMethod(TestInvoker.java:173)
at org.testng.internal.MethodRunner.runInSequence(MethodRunner.java:46)
at org.testng.internal.TestInvoker$MethodInvocationAgent.invoke(TestInvoker.java:816)
at org.testng.internal.TestInvoker.invokeTestMethods(TestInvoker.java:146)
at org.testng.internal.TestMethodWorker.invokeTestMethods(TestMethodWorker.java:146)
at org.testng.internal.TestMethodWorker.run(TestMethodWorker.java:128)
at java.base/java.util.concurrent.ThreadPoolExecutor.runWorker(ThreadPoolExecutor.java:1136)
at java.base/java.util.concurrent.ThreadPoolExecutor$Worker.run(ThreadPoolExecutor.java:635)
at java.base/java.lang.Thread.run(Thread.java:833)
]]>
    </failure>
  </testcase> <!-- add_Spaces_Single_And_Carparking_Options_TC_213 -->
  <system-out/>
  <testcase classname="com.marina.tests.Mod_2_SpaceTypes" name="verifySpaceData_afterEdit_TC_208" time="191.838"/>
  <system-out/>
  <testcase classname="com.marina.tests.Mod_2_SpaceTypes" name="verify_serachField_withSpaceName_TC_211" time="103.565">
    <skipped/>
  </testcase> <!-- verify_serachField_withSpaceName_TC_211 -->
  <system-out/>
  <testcase classname="com.marina.tests.Mod_2_SpaceTypes" name="verify_serachField_withSpaceName_TC_211" time="163.917"/>
  <system-out/>
  <testcase classname="com.marina.tests.Mod_2_SpaceTypes" name="verifyDeleteSpace_TC_212" time="128.701"/>
  <system-out/>
</testsuite> <!-- com.marina.tests.Mod_2_SpaceTypes -->
