<?xml version="1.0" encoding="UTF-8"?>
<!-- Generated by org.testng.reporters.JUnitReportReporter -->
<testsuite hostname="DESKTOP-C18708O" failures="0" tests="6" name="com.marina.tests.Mod_7_RatesStorage" time="507.124" errors="0" timestamp="2023-12-01T21:30:16 PKT" skipped="0">
  <testcase classname="com.marina.tests.Mod_7_RatesStorage" name="createGroup_verifyGroup_TC_1101" time="83.549"/>
  <system-out/>
  <testcase classname="com.marina.tests.Mod_7_RatesStorage" name="newlyGroupCreated_RevisionHisotryEmpty_TC_1102" time="95.816"/>
  <system-out/>
  <testcase classname="com.marina.tests.Mod_7_RatesStorage" name="nighlty_addNew_Bucket_andVerifyBucket_TC_1103" time="51.766"/>
  <system-out/>
  <testcase classname="com.marina.tests.Mod_7_RatesStorage" name="nightly_delete_newley_bucketAndVerify_TC_1104" time="68.671"/>
  <system-out/>
  <testcase classname="com.marina.tests.Mod_7_RatesStorage" name="nightly_add_record_without_holiday_TC_1105" time="125.456"/>
  <system-out/>
  <testcase classname="com.marina.tests.Mod_7_RatesStorage" name="TC_1106" time="81.866"/>
  <system-out/>
</testsuite> <!-- com.marina.tests.Mod_7_RatesStorage -->
