<?xml version="1.0" encoding="UTF-8"?>
<!-- Generated by org.testng.reporters.JUnitReportReporter -->
<testsuite skipped="0" hostname="DESKTOP-8CR6PU0" name="com.marina.tests.Mod_3_AllSpaces" tests="1" failures="0" timestamp="2023-10-30T14:13:19 PKT" time="39.065" errors="0">
  <testcase name="deleteNoteFromEditSpace_TC_412" time="39.065" classname="com.marina.tests.Mod_3_AllSpaces"/>
  <system-out/>
</testsuite> <!-- com.marina.tests.Mod_3_AllSpaces -->
