<?xml version="1.0" encoding="UTF-8"?>
<!-- Generated by org.testng.reporters.JUnitReportReporter -->
<testsuite skipped="0" hostname="DESKTOP-8CR6PU0" name="com.marina.tests.Mod_2_SpaceTypes" tests="1" failures="0" timestamp="2023-11-10T16:05:27 PKT" time="34.668" errors="0">
  <testcase name="exportNewAddSpace_verifyCompleteRecords_TC_209" time="34.668" classname="com.marina.tests.Mod_2_SpaceTypes"/>
  <system-out/>
</testsuite> <!-- com.marina.tests.Mod_2_SpaceTypes -->
